C51 COMPILER V9.59.0.0   DELAY                                                             06/28/2025 19:34:18 PAGE 1   


C51 COMPILER V9.59.0.0, COMPILATION OF MODULE DELAY
OBJECT MODULE PLACED IN .\Objects\Delay.obj
COMPILER INVOKED BY: D:\Keil5\C51\BIN\C51.EXE Delay.c OPTIMIZE(8,SPEED) BROWSE DEBUG OBJECTEXTEND PRINT(.\Listings\Delay
                    -.lst) TABS(2) OBJECT(.\Objects\Delay.obj)

line level    source

   1          void Delay10us(unsigned char t)//@11.0592MHz
   2          {
   3   1        while(t--)
   4   1        {
   5   2        unsigned char i;
   6   2       
   7   2        i = 2;
   8   2        while (--i);
   9   2      
  10   2        }
  11   1      }
  12          
  13          void Delay(unsigned int xms)
  14          {
  15   1        unsigned char i, j;
  16   1        while(xms--)
  17   1        {
  18   2          i = 2;
  19   2          j = 239;
  20   2          do
  21   2          {
  22   3            while (--j);
  23   3          } while (--i);
  24   2        }
  25   1      }
  26          


MODULE INFORMATION:   STATIC OVERLAYABLE
   CODE SIZE        =     39    ----
   CONSTANT SIZE    =   ----    ----
   XDATA SIZE       =   ----    ----
   PDATA SIZE       =   ----    ----
   DATA SIZE        =   ----       1
   IDATA SIZE       =   ----    ----
   BIT SIZE         =   ----    ----
END OF MODULE INFORMATION.


C51 COMPILATION COMPLETE.  0 WARNING(S),  0 ERROR(S)
