C51 COMPILER V9.59.0.0   MAIN                                                              06/28/2025 17:47:39 PAGE 1   


C51 COMPILER V9.59.0.0, COMPILATION OF MODULE MAIN
OBJECT MODULE PLACED IN .\Objects\main.obj
COMPILER INVOKED BY: D:\Keil5\C51\BIN\C51.EXE main.c OPTIMIZE(8,SPEED) BROWSE DEBUG OBJECTEXTEND PRINT(.\Listings\main.l
                    -st) TABS(2) OBJECT(.\Objects\main.obj)

line level    source

   1          #include "gps_module.h"
   2          #include <REGX52.H>
   3          #include <string.h>
   4          #include "LCD1602.h"
   5          void main() {
   6   1      static xdata char sentence[100];
   7   1          GPS_Data_t gps_data;
   8   1      
   9   1          GPS_UART_Init();  // 这里你写硬件初始化
  10   1      
  11   1          while (1) {
  12   2              // 轮询获取完整NMEA句
  13   2              if (GPS_GetSentence(sentence, sizeof(sentence))) {
  14   3                  if (GPS_ParseGPRMC(sentence, &gps_data)) {
  15   4                      // 成功解析，拿到经纬度了
  16   4                  LCD_ShowString(0, 0,gps_data.latitude);
  17   4      //      LCD_ShowString(0, 20,gps_data.lat_dir);
  18   4            LCD_ShowString(1, 0,gps_data.longitude);
  19   4      //      LCD_ShowString(1, 20,gps_data.lon_dir);       
  20   4                  }
  21   3              }
  22   2              // 其他任务
  23   2          }
  24   1      }


MODULE INFORMATION:   STATIC OVERLAYABLE
   CODE SIZE        =     69    ----
   CONSTANT SIZE    =   ----    ----
   XDATA SIZE       =    100    ----
   PDATA SIZE       =   ----    ----
   DATA SIZE        =   ----      32
   IDATA SIZE       =   ----    ----
   BIT SIZE         =   ----    ----
END OF MODULE INFORMATION.


C51 COMPILATION COMPLETE.  0 WARNING(S),  0 ERROR(S)
